{"level":"info","message":"⌛ Building environment","timeElapsed":311,"timestamp":"2024-08-27T21:06:35.497Z"}
{"level":"info","message":"onRequest - WORKSPACE_URI:file:///c%3A/Users/rodri/documents/wollok/juego","timestamp":"2024-08-27T21:06:35.510Z"}
{"level":"info","message":"⌛ Building environment","timeElapsed":134,"timestamp":"2024-08-27T21:06:35.647Z"}
{"level":"info","message":"⌛ Building environment","timeElapsed":143,"timestamp":"2024-08-27T21:06:35.795Z"}
{"level":"info","message":"⌛ Building environment","timeElapsed":153,"timestamp":"2024-08-27T21:06:35.950Z"}
{"level":"info","message":"⌛ Building environment","timeElapsed":140,"timestamp":"2024-08-27T21:06:36.101Z"}
{"level":"info","message":"⌛ Validating juego/main.wpgm","timeElapsed":271,"timestamp":"2024-08-27T21:06:36.387Z"}
{"level":"info","message":"⌛ Building environment","timeElapsed":197,"timestamp":"2024-08-27T21:06:36.586Z"}
{"level":"info","message":"⌛ Validating juego/player.wlk","timeElapsed":178,"timestamp":"2024-08-27T21:06:36.810Z"}
{"level":"info","message":"⌛ Validating juego/nivel1.wlk","timeElapsed":161,"timestamp":"2024-08-27T21:06:36.972Z"}
{"level":"info","message":"⌛ Validating juego/intro.wlk","timeElapsed":135,"timestamp":"2024-08-27T21:06:37.107Z"}
{"level":"info","message":"⌛ Validating juego/main.wpgm","timeElapsed":161,"timestamp":"2024-08-27T21:06:37.270Z"}
{"level":"info","message":"⌛ Validating juego/player.wlk","timeElapsed":142,"timestamp":"2024-08-27T21:06:37.412Z"}
{"level":"info","message":"⌛ Validating juego/nivel1.wlk","timeElapsed":111,"timestamp":"2024-08-27T21:06:37.526Z"}
{"level":"info","message":"⌛ Validating juego/intro.wlk","timeElapsed":122,"timestamp":"2024-08-27T21:06:37.649Z"}
{"exitCode":{},"level":"info","message":"👾 Game executed juego.main.mingoGame on c:/Users/rodri/documents/wollok/juego","timeElapsed":1018,"timestamp":"2024-08-27T21:06:55.736Z"}
{"exitCode":{},"level":"info","message":"👾 Game executed juego.main.mingoGame on c:/Users/rodri/documents/wollok/juego","timeElapsed":810,"timestamp":"2024-08-27T21:07:23.080Z"}
{"exitCode":{},"level":"info","message":"👾 Game executed juego.main.mingoGame on c:/Users/rodri/documents/wollok/juego","timeElapsed":902,"timestamp":"2024-08-27T21:08:09.230Z"}
{"level":"info","message":"⌛ Building environment","timeElapsed":360,"timestamp":"2024-09-13T22:56:38.215Z"}
{"level":"info","message":"onRequest - WORKSPACE_URI:file:///c%3A/Users/rodri/Documents/wollok/juego","timestamp":"2024-09-13T22:56:38.226Z"}
{"level":"info","message":"⌛ Building environment","timeElapsed":197,"timestamp":"2024-09-13T22:56:38.426Z"}
{"level":"info","message":"⌛ Building environment","timeElapsed":195,"timestamp":"2024-09-13T22:56:38.627Z"}
{"level":"info","message":"⌛ Building environment","timeElapsed":188,"timestamp":"2024-09-13T22:56:38.818Z"}
{"level":"info","message":"⌛ Building environment","timeElapsed":155,"timestamp":"2024-09-13T22:56:38.974Z"}
{"level":"info","message":"⌛ Validating juego/main.wpgm","timeElapsed":288,"timestamp":"2024-09-13T22:56:39.264Z"}
{"level":"info","message":"⌛ Building environment","timeElapsed":265,"timestamp":"2024-09-13T22:56:39.531Z"}
{"level":"info","message":"⌛ Validating juego/nivel1.wlk","timeElapsed":233,"timestamp":"2024-09-13T22:56:39.786Z"}
{"level":"info","message":"⌛ Validating juego/player.wlk","timeElapsed":251,"timestamp":"2024-09-13T22:56:40.037Z"}
{"level":"info","message":"⌛ Validating juego/intro.wlk","timeElapsed":315,"timestamp":"2024-09-13T22:56:40.353Z"}
{"level":"info","message":"⌛ Validating juego/main.wpgm","timeElapsed":211,"timestamp":"2024-09-13T22:56:40.565Z"}
{"level":"info","message":"⌛ Validating juego/nivel1.wlk","timeElapsed":167,"timestamp":"2024-09-13T22:56:40.734Z"}
{"level":"info","message":"⌛ Validating juego/player.wlk","timeElapsed":158,"timestamp":"2024-09-13T22:56:40.894Z"}
{"level":"info","message":"⌛ Validating juego/intro.wlk","timeElapsed":208,"timestamp":"2024-09-13T22:56:41.103Z"}
{"exitCode":{},"level":"info","message":"👾 Game executed juego.main.mingoGame on c:\\Users\\rodri\\Documents\\wollok\\juego","timeElapsed":1249,"timestamp":"2024-09-13T22:56:50.241Z"}
{"exitCode":{},"level":"info","message":"👾 Game executed juego.main.mingoGame on c:\\Users\\rodri\\Documents\\wollok\\juego","timeElapsed":1406,"timestamp":"2024-09-13T22:59:09.367Z"}
{"exitCode":{},"level":"info","message":"👾 Game executed juego.main.mingoGame on c:\\Users\\rodri\\Documents\\wollok\\juego","timeElapsed":1098,"timestamp":"2024-09-13T23:01:04.586Z"}
{"level":"info","message":"⌛ Building environment","timeElapsed":362,"timestamp":"2024-09-13T23:01:27.114Z"}
{"level":"info","message":"onRequest - WORKSPACE_URI:file:///c%3A/Users/rodri/Documents/wollok/juego","timestamp":"2024-09-13T23:01:27.128Z"}
{"level":"info","message":"⌛ Building environment","timeElapsed":197,"timestamp":"2024-09-13T23:01:27.329Z"}
{"level":"info","message":"⌛ Building environment","timeElapsed":192,"timestamp":"2024-09-13T23:01:27.527Z"}
{"level":"info","message":"⌛ Validating juego/main.wpgm","timeElapsed":212,"timestamp":"2024-09-13T23:01:27.741Z"}
{"level":"info","message":"⌛ Building environment","timeElapsed":148,"timestamp":"2024-09-13T23:01:27.891Z"}
{"level":"info","message":"⌛ Building environment","timeElapsed":167,"timestamp":"2024-09-13T23:01:28.079Z"}
{"level":"info","message":"⌛ Building environment","timeElapsed":149,"timestamp":"2024-09-13T23:01:28.229Z"}
{"level":"info","message":"⌛ Validating juego/player.wlk","timeElapsed":207,"timestamp":"2024-09-13T23:01:28.438Z"}
{"level":"info","message":"⌛ Validating juego/main.wpgm","timeElapsed":201,"timestamp":"2024-09-13T23:01:28.640Z"}
{"level":"info","message":"⌛ Validating juego/player.wlk","timeElapsed":148,"timestamp":"2024-09-13T23:01:28.790Z"}
{"level":"info","message":"⌛ Validating juego/nivel1.wlk","timeElapsed":161,"timestamp":"2024-09-13T23:01:28.952Z"}
{"level":"info","message":"⌛ Validating juego/intro.wlk","timeElapsed":196,"timestamp":"2024-09-13T23:01:29.149Z"}
{"level":"info","message":"⌛ Building environment","timeElapsed":280,"timestamp":"2024-09-13T23:01:33.121Z"}
{"level":"info","message":"⌛ Validating juego/main.wpgm","timeElapsed":367,"timestamp":"2024-09-13T23:01:33.491Z"}
{"level":"info","message":"⌛ Validating juego/player.wlk","timeElapsed":216,"timestamp":"2024-09-13T23:01:33.708Z"}
{"level":"info","message":"⌛ Validating juego/nivel1.wlk","timeElapsed":180,"timestamp":"2024-09-13T23:01:33.889Z"}
{"level":"info","message":"⌛ Validating juego/intro.wlk","timeElapsed":159,"timestamp":"2024-09-13T23:01:34.049Z"}
{"exitCode":{},"level":"info","message":"👾 Game executed juego.main.mingoGame on c:\\Users\\rodri\\Documents\\wollok\\juego","timeElapsed":924,"timestamp":"2024-09-13T23:01:36.842Z"}
{"level":"info","message":"⌛ Building environment","timeElapsed":178,"timestamp":"2024-09-13T23:02:44.835Z"}
{"level":"info","message":"⌛ Validating juego/main.wpgm","timeElapsed":149,"timestamp":"2024-09-13T23:02:45.001Z"}
{"level":"info","message":"⌛ Building environment","timeElapsed":146,"timestamp":"2024-09-13T23:02:47.757Z"}
{"level":"info","message":"⌛ Validating juego/main.wpgm","timeElapsed":157,"timestamp":"2024-09-13T23:02:47.921Z"}
{"level":"info","message":"🚀 Program executed juego.main.mingoGame on c:\\Users\\rodri\\Documents\\wollok\\juego","ok":true,"timeElapsed":706,"timestamp":"2024-09-13T23:02:53.805Z"}
{"exitCode":{},"level":"info","message":"👾 Game executed juego.main.mingoGame on c:\\Users\\rodri\\Documents\\wollok\\juego","timeElapsed":855,"timestamp":"2024-09-13T23:03:07.800Z"}
{"level":"info","message":"⌛ Building environment","timeElapsed":238,"timestamp":"2024-09-13T23:04:31.320Z"}
{"level":"info","message":"⌛ Validating juego/main.wpgm","timeElapsed":212,"timestamp":"2024-09-13T23:04:31.549Z"}
{"level":"info","message":"⌛ Building environment","timeElapsed":247,"timestamp":"2024-09-13T23:04:35.150Z"}
{"level":"info","message":"⌛ Validating juego/nivel1.wlk","timeElapsed":217,"timestamp":"2024-09-13T23:04:35.382Z"}
{"level":"info","message":"⌛ Building environment","timeElapsed":172,"timestamp":"2024-09-13T23:07:03.854Z"}
{"level":"info","message":"⌛ Validating juego/main.wpgm","timeElapsed":227,"timestamp":"2024-09-13T23:07:04.094Z"}
{"exitCode":{},"level":"info","message":"👾 Game executed juego.main.mingoGame on c:\\Users\\rodri\\Documents\\wollok\\juego","timeElapsed":884,"timestamp":"2024-09-13T23:07:09.932Z"}
{"level":"info","message":"⌛ Building environment","timeElapsed":343,"timestamp":"2024-09-13T23:15:23.629Z"}
{"level":"info","message":"onRequest - WORKSPACE_URI:file:///c%3A/Users/rodri/Documents/wollok/juego","timestamp":"2024-09-13T23:15:23.640Z"}
{"level":"info","message":"⌛ Building environment","timeElapsed":154,"timestamp":"2024-09-13T23:15:23.795Z"}
{"level":"info","message":"⌛ Building environment","timeElapsed":151,"timestamp":"2024-09-13T23:15:23.952Z"}
{"level":"info","message":"⌛ Building environment","timeElapsed":123,"timestamp":"2024-09-13T23:15:24.077Z"}
{"level":"info","message":"⌛ Building environment","timeElapsed":130,"timestamp":"2024-09-13T23:15:24.208Z"}
{"level":"info","message":"⌛ Validating juego/main.wpgm","timeElapsed":194,"timestamp":"2024-09-13T23:15:24.403Z"}
{"level":"info","message":"⌛ Building environment","timeElapsed":167,"timestamp":"2024-09-13T23:15:24.572Z"}
{"level":"info","message":"⌛ Validating juego/player.wlk","timeElapsed":237,"timestamp":"2024-09-13T23:15:24.831Z"}
{"level":"info","message":"⌛ Validating juego/nivel1.wlk","timeElapsed":136,"timestamp":"2024-09-13T23:15:24.968Z"}
{"level":"info","message":"⌛ Validating juego/intro.wlk","timeElapsed":156,"timestamp":"2024-09-13T23:15:25.124Z"}
{"level":"info","message":"⌛ Validating juego/main.wpgm","timeElapsed":181,"timestamp":"2024-09-13T23:15:25.305Z"}
{"level":"info","message":"⌛ Validating juego/player.wlk","timeElapsed":150,"timestamp":"2024-09-13T23:15:25.458Z"}
{"level":"info","message":"⌛ Validating juego/nivel1.wlk","timeElapsed":151,"timestamp":"2024-09-13T23:15:25.610Z"}
{"level":"info","message":"⌛ Validating juego/intro.wlk","timeElapsed":162,"timestamp":"2024-09-13T23:15:25.772Z"}
{"level":"info","message":"⌛ Building environment","timeElapsed":117,"timestamp":"2024-09-18T22:35:50.856Z"}
{"level":"info","message":"onRequest - WORKSPACE_URI:file:///c%3A/Users/rodri/Documents/wollok/juego","timestamp":"2024-09-18T22:35:50.861Z"}
{"exitCode":{},"level":"info","message":"👾 Game executed juego.main.mingoGame on c:\\Users\\rodri\\Documents\\wollok\\juego","timeElapsed":373,"timestamp":"2024-09-18T22:35:56.457Z"}
{"level":"info","message":"⌛ Building environment","timeElapsed":490,"timestamp":"2024-09-24T21:17:41.681Z"}
{"level":"info","message":"onRequest - WORKSPACE_URI:file:///c%3A/Users/rodri/Documents/wollok/juego","timestamp":"2024-09-24T21:17:41.694Z"}
{"level":"info","message":"⌛ Building environment","timeElapsed":214,"timestamp":"2024-09-24T21:17:41.910Z"}
{"level":"info","message":"⌛ Building environment","timeElapsed":195,"timestamp":"2024-09-24T21:17:42.110Z"}
{"level":"info","message":"⌛ Building environment","timeElapsed":167,"timestamp":"2024-09-24T21:17:42.279Z"}
{"level":"info","message":"⌛ Building environment","timeElapsed":146,"timestamp":"2024-09-24T21:17:42.438Z"}
{"level":"info","message":"⌛ Validating juego/main.wpgm","timeElapsed":194,"timestamp":"2024-09-24T21:17:42.643Z"}
{"level":"info","message":"⌛ Building environment","timeElapsed":219,"timestamp":"2024-09-24T21:17:42.863Z"}
{"level":"info","message":"⌛ Validating juego/player.wlk","timeElapsed":224,"timestamp":"2024-09-24T21:17:43.116Z"}
{"level":"info","message":"⌛ Validating juego/nivel1.wlk","timeElapsed":216,"timestamp":"2024-09-24T21:17:43.333Z"}
{"level":"info","message":"⌛ Validating juego/intro.wlk","timeElapsed":344,"timestamp":"2024-09-24T21:17:43.677Z"}
{"level":"info","message":"⌛ Validating juego/main.wpgm","timeElapsed":437,"timestamp":"2024-09-24T21:17:44.115Z"}
{"level":"info","message":"⌛ Validating juego/player.wlk","timeElapsed":187,"timestamp":"2024-09-24T21:17:44.303Z"}
{"level":"info","message":"⌛ Validating juego/nivel1.wlk","timeElapsed":127,"timestamp":"2024-09-24T21:17:44.431Z"}
{"level":"info","message":"⌛ Validating juego/intro.wlk","timeElapsed":144,"timestamp":"2024-09-24T21:17:44.575Z"}
{"level":"info","message":"⌛ Building environment","timeElapsed":250,"timestamp":"2024-10-05T19:20:16.805Z"}
{"level":"info","message":"onRequest - WORKSPACE_URI:file:///c%3A/Users/rodri/Documents/wollok/juego_final/tp_final","timestamp":"2024-10-05T19:20:16.823Z"}
{"level":"info","message":"⌛ Building environment","timeElapsed":159,"timestamp":"2024-10-05T19:20:16.984Z"}
{"level":"info","message":"⌛ Building environment","timeElapsed":155,"timestamp":"2024-10-05T19:20:17.183Z"}
{"level":"info","message":"⌛ Building environment","timeElapsed":111,"timestamp":"2024-10-05T19:20:17.295Z"}
{"level":"info","message":"⌛ Building environment","timeElapsed":107,"timestamp":"2024-10-05T19:20:17.404Z"}
{"level":"info","message":"⌛ Validating juego/main.wpgm","timeElapsed":203,"timestamp":"2024-10-05T19:20:17.608Z"}
{"level":"info","message":"⌛ Building environment","timeElapsed":168,"timestamp":"2024-10-05T19:20:17.778Z"}
{"level":"info","message":"⌛ Validating juego/player.wlk","timeElapsed":234,"timestamp":"2024-10-05T19:20:18.030Z"}
{"level":"info","message":"⌛ Validating juego/nivel1.wlk","timeElapsed":193,"timestamp":"2024-10-05T19:20:18.227Z"}
{"level":"info","message":"⌛ Validating juego/intro.wlk","timeElapsed":140,"timestamp":"2024-10-05T19:20:18.368Z"}
{"level":"info","message":"⌛ Validating juego/main.wpgm","timeElapsed":155,"timestamp":"2024-10-05T19:20:18.571Z"}
{"level":"info","message":"⌛ Validating juego/player.wlk","timeElapsed":159,"timestamp":"2024-10-05T19:20:18.732Z"}
{"level":"info","message":"⌛ Validating juego/nivel1.wlk","timeElapsed":112,"timestamp":"2024-10-05T19:20:18.845Z"}
{"level":"info","message":"⌛ Validating juego/intro.wlk","timeElapsed":123,"timestamp":"2024-10-05T19:20:18.968Z"}
{"level":"info","message":"⌛ Building environment","timeElapsed":152,"timestamp":"2024-10-05T19:21:05.190Z"}
{"level":"info","message":"⌛ Validating juego/main.wpgm","timeElapsed":347,"timestamp":"2024-10-05T19:21:05.563Z"}
{"exitCode":{},"level":"info","message":"👾 Game executed juego.main.mingoGame on c:\\Users\\rodri\\Documents\\wollok\\juego_final\\tp_final","timeElapsed":1008,"timestamp":"2024-10-05T19:21:13.162Z"}
